<?xml version="1.0" encoding="UTF-8"?>
<!-- Generated by org.testng.reporters.JUnitReportReporter -->
<testsuite hostname="DESKTOP-BPC4G7D" name="testngg.NewTest" tests="3" failures="0" timestamp="21 Feb 2020 05:41:59 GMT" time="0.016" errors="0">
  <testcase name="a" time="0.000" classname="testngg.NewTest"/>
  <testcase name="f" time="0.016" classname="testngg.NewTest"/>
  <testcase name="x" time="0.000" classname="testngg.NewTest"/>
</testsuite> <!-- testngg.NewTest -->
